<?xml version="1.0" encoding="UTF-8"?>
<!-- Generated by org.testng.reporters.JUnitReportReporter -->
<testsuite hostname="LAPTOP-DU9UF0AK" failures="0" tests="4" name="tests.Run_test" time="46.190" errors="0" timestamp="2025-11-07T23:01:27 ICT" skipped="0">
  <testcase classname="tests.Run_test" name="login" time="7.379"/>
  <testcase classname="tests.Run_test" name="addTestCase" time="15.223"/>
  <testcase classname="tests.Run_test" name="updateTestCase" time="16.568"/>
  <testcase classname="tests.Run_test" name="deleteTestCase" time="7.020"/>
</testsuite> <!-- tests.Run_test -->
