<?xml version="1.0" encoding="UTF-8"?>
<testng-results ignored="0" total="1" passed="1" failed="0" skipped="0">
  <reporter-output>
  </reporter-output>
  <suite started-at="2025-11-11T09:44:17 ICT" name="Command line suite" finished-at="2025-11-11T09:45:11 ICT" duration-ms="53854">
    <groups>
    </groups>
    <test started-at="2025-11-11T09:44:17 ICT" name="Command line test" finished-at="2025-11-11T09:45:11 ICT" duration-ms="53854">
      <class name="tests.test_TestCase">
        <test-method is-config="true" signature="setUp()[pri:0, instance:tests.test_TestCase@4afa2d53]" started-at="2025-11-11T09:44:03 ICT" name="setUp" finished-at="2025-11-11T09:44:17 ICT" duration-ms="14217" status="PASS">
          <reporter-output>
          </reporter-output>
        </test-method> <!-- setUp -->
        <test-method is-config="true" signature="beforeClass()[pri:0, instance:tests.test_TestCase@4afa2d53]" started-at="2025-11-11T09:44:17 ICT" name="beforeClass" finished-at="2025-11-11T09:44:17 ICT" duration-ms="2" status="PASS">
          <reporter-output>
          </reporter-output>
        </test-method> <!-- beforeClass -->
        <test-method signature="addTestCase()[pri:1, instance:tests.test_TestCase@4afa2d53]" started-at="2025-11-11T09:44:17 ICT" name="addTestCase" finished-at="2025-11-11T09:45:11 ICT" duration-ms="53530" status="PASS">
          <reporter-output>
          </reporter-output>
        </test-method> <!-- addTestCase -->
        <test-method is-config="true" signature="afterClass()[pri:0, instance:tests.test_TestCase@4afa2d53]" started-at="2025-11-11T09:45:11 ICT" name="afterClass" finished-at="2025-11-11T09:45:11 ICT" duration-ms="254" status="PASS">
          <reporter-output>
          </reporter-output>
        </test-method> <!-- afterClass -->
        <test-method is-config="true" signature="afterSuite()[pri:0, instance:tests.test_TestCase@4afa2d53]" started-at="2025-11-11T09:45:11 ICT" name="afterSuite" finished-at="2025-11-11T09:45:11 ICT" duration-ms="3" status="PASS">
          <reporter-output>
          </reporter-output>
        </test-method> <!-- afterSuite -->
      </class> <!-- tests.test_TestCase -->
    </test> <!-- Command line test -->
  </suite> <!-- Command line suite -->
</testng-results>
